[Start Time] 2024-07-28 13:59:53.902336
[init_circ] gate count: 181
  fid_score: 0.8047700524330139
  gcnt_score: 0.819
>> new best_socre: 2.428540104866028
[upgrade_circ] gate count: 199
  fid_score: 0.8522238731384277
  gcnt_score: 0.8009999999999999
>> new best_socre: 2.5054477462768556
[upgrade_circ] gate count: 217
  fid_score: 0.8723549246788025
  gcnt_score: 0.783
>> new best_socre: 2.527709849357605
[upgrade_circ] gate count: 235
  fid_score: 0.8887550234794617
  gcnt_score: 0.765
>> new best_socre: 2.5425100469589235
[upgrade_circ] gate count: 253
  fid_score: 0.8982833623886108
  gcnt_score: 0.747
>> new best_socre: 2.5435667247772216
[upgrade_circ] gate count: 271
  fid_score: 0.9164672493934631
  gcnt_score: 0.729
>> new best_socre: 2.5619344987869264
[upgrade_circ] gate count: 289
  fid_score: 0.9303247928619385
  gcnt_score: 0.7110000000000001
>> new best_socre: 2.5716495857238773
[upgrade_circ] gate count: 307
  fid_score: 0.9345929622650146
  gcnt_score: 0.6930000000000001
  fid_score: 0.9303247928619385
  gcnt_score: 0.7110000000000001
[0] >> Score: 2.5716495857238773 (time: 926.3311746120453)

[init_circ] gate count: 181
  fid_score: 0.8785122036933899
  gcnt_score: 0.819
>> new best_socre: 2.5760244073867797
[upgrade_circ] gate count: 199
  fid_score: 0.9149988293647766
  gcnt_score: 0.8009999999999999
>> new best_socre: 2.6309976587295534
[upgrade_circ] gate count: 217
  fid_score: 0.930751383304596
  gcnt_score: 0.783
>> new best_socre: 2.644502766609192
[upgrade_circ] gate count: 235
  fid_score: 0.9360844492912292
  gcnt_score: 0.765
  fid_score: 0.930751383304596
  gcnt_score: 0.783
[1] >> Score: 2.644502766609192 (time: 393.17668175697327)

[init_circ] gate count: 181
  fid_score: 0.8332473635673523
  gcnt_score: 0.819
>> new best_socre: 2.4854947271347045
[upgrade_circ] gate count: 199
  fid_score: 0.861595630645752
  gcnt_score: 0.8009999999999999
>> new best_socre: 2.524191261291504
[upgrade_circ] gate count: 217
  fid_score: 0.8851383328437805
  gcnt_score: 0.783
>> new best_socre: 2.553276665687561
[upgrade_circ] gate count: 235
  fid_score: 0.9017403721809387
  gcnt_score: 0.765
>> new best_socre: 2.5684807443618776
[upgrade_circ] gate count: 253
  fid_score: 0.9134675860404968
  gcnt_score: 0.747
>> new best_socre: 2.5739351720809935
[upgrade_circ] gate count: 271
  fid_score: 0.9258999228477478
  gcnt_score: 0.729
>> new best_socre: 2.5807998456954957
[upgrade_circ] gate count: 289
  fid_score: 0.9300782680511475
  gcnt_score: 0.7110000000000001
  fid_score: 0.9258999228477478
  gcnt_score: 0.729
[2] >> Score: 2.5807998456954957 (time: 772.0776343345642)

[init_circ] gate count: 181
  fid_score: 0.847724974155426
  gcnt_score: 0.819
>> new best_socre: 2.514449948310852
[upgrade_circ] gate count: 199
  fid_score: 0.8635866641998291
  gcnt_score: 0.8009999999999999
>> new best_socre: 2.5281733283996584
[upgrade_circ] gate count: 217
  fid_score: 0.8802574872970581
  gcnt_score: 0.783
>> new best_socre: 2.543514974594116
[upgrade_circ] gate count: 235
  fid_score: 0.9002636671066284
  gcnt_score: 0.765
>> new best_socre: 2.565527334213257
[upgrade_circ] gate count: 253
  fid_score: 0.9148504137992859
  gcnt_score: 0.747
>> new best_socre: 2.5767008275985717
[upgrade_circ] gate count: 271
  fid_score: 0.9241114854812622
  gcnt_score: 0.729
  fid_score: 0.9148504137992859
  gcnt_score: 0.747
[3] >> Score: 2.5767008275985717 (time: 635.5098447799683)

[init_circ] gate count: 181
  fid_score: 0.869093120098114
  gcnt_score: 0.819
>> new best_socre: 2.557186240196228
[upgrade_circ] gate count: 199
  fid_score: 0.8890939950942993
  gcnt_score: 0.8009999999999999
>> new best_socre: 2.579187990188599
[upgrade_circ] gate count: 217
  fid_score: 0.900857150554657
  gcnt_score: 0.783
>> new best_socre: 2.584714301109314
[upgrade_circ] gate count: 235
  fid_score: 0.9158028364181519
  gcnt_score: 0.765
>> new best_socre: 2.596605672836304
[upgrade_circ] gate count: 253
  fid_score: 0.9230868220329285
  gcnt_score: 0.747
  fid_score: 0.9158028364181519
  gcnt_score: 0.765
[4] >> Score: 2.596605672836304 (time: 501.7888081073761)

[init_circ] gate count: 181
  fid_score: 0.8590672016143799
  gcnt_score: 0.819
>> new best_socre: 2.5371344032287597
[upgrade_circ] gate count: 199
  fid_score: 0.8844087719917297
  gcnt_score: 0.8009999999999999
>> new best_socre: 2.5698175439834596
[upgrade_circ] gate count: 217
  fid_score: 0.9031369090080261
  gcnt_score: 0.783
>> new best_socre: 2.589273818016052
[upgrade_circ] gate count: 235
  fid_score: 0.9146243929862976
  gcnt_score: 0.765
>> new best_socre: 2.5942487859725953
[upgrade_circ] gate count: 253
  fid_score: 0.926864743232727
  gcnt_score: 0.747
>> new best_socre: 2.600729486465454
[upgrade_circ] gate count: 271
  fid_score: 0.9408969283103943
  gcnt_score: 0.729
>> new best_socre: 2.6107938566207887
[upgrade_circ] gate count: 289
  fid_score: 0.9490168690681458
  gcnt_score: 0.7110000000000001
  fid_score: 0.9408969283103943
  gcnt_score: 0.729
[5] >> Score: 2.6107938566207887 (time: 764.876220703125)

[init_circ] gate count: 181
  fid_score: 0.8522014021873474
  gcnt_score: 0.819
>> new best_socre: 2.5234028043746948
[upgrade_circ] gate count: 199
  fid_score: 0.8785304427146912
  gcnt_score: 0.8009999999999999
>> new best_socre: 2.5580608854293825
[upgrade_circ] gate count: 217
  fid_score: 0.9001381397247314
  gcnt_score: 0.783
>> new best_socre: 2.583276279449463
[upgrade_circ] gate count: 235
  fid_score: 0.9277603030204773
  gcnt_score: 0.765
>> new best_socre: 2.6205206060409547
[upgrade_circ] gate count: 253
  fid_score: 0.9387457966804504
  gcnt_score: 0.747
>> new best_socre: 2.6244915933609008
[upgrade_circ] gate count: 271
  fid_score: 0.945461630821228
  gcnt_score: 0.729
  fid_score: 0.9387457966804504
  gcnt_score: 0.747
[6] >> Score: 2.6244915933609008 (time: 639.4885954856873)

[init_circ] gate count: 181
  fid_score: 0.8438620567321777
  gcnt_score: 0.819
>> new best_socre: 2.5067241134643554
[upgrade_circ] gate count: 199
  fid_score: 0.8825370073318481
  gcnt_score: 0.8009999999999999
>> new best_socre: 2.5660740146636964
[upgrade_circ] gate count: 217
  fid_score: 0.915849506855011
  gcnt_score: 0.783
>> new best_socre: 2.614699013710022
[upgrade_circ] gate count: 235
  fid_score: 0.9319747686386108
  gcnt_score: 0.765
>> new best_socre: 2.628949537277222
[upgrade_circ] gate count: 253
  fid_score: 0.937684953212738
  gcnt_score: 0.747
  fid_score: 0.9319747686386108
  gcnt_score: 0.765
[7] >> Score: 2.628949537277222 (time: 510.25540375709534)

[init_circ] gate count: 181
  fid_score: 0.8880810737609863
  gcnt_score: 0.819
>> new best_socre: 2.5951621475219726
[upgrade_circ] gate count: 199
  fid_score: 0.9166585206985474
  gcnt_score: 0.8009999999999999
>> new best_socre: 2.634317041397095
[upgrade_circ] gate count: 217
  fid_score: 0.9355916976928711
  gcnt_score: 0.783
>> new best_socre: 2.654183395385742
[upgrade_circ] gate count: 235
  fid_score: 0.940180242061615
  gcnt_score: 0.765
  fid_score: 0.9355916976928711
  gcnt_score: 0.783
[8] >> Score: 2.654183395385742 (time: 390.1963610649109)

[init_circ] gate count: 181
  fid_score: 0.8276773691177368
  gcnt_score: 0.819
>> new best_socre: 2.4743547382354736
[upgrade_circ] gate count: 199
  fid_score: 0.8507966995239258
  gcnt_score: 0.8009999999999999
>> new best_socre: 2.5025933990478517
[upgrade_circ] gate count: 217
  fid_score: 0.8748054504394531
  gcnt_score: 0.783
>> new best_socre: 2.532610900878906
[upgrade_circ] gate count: 235
  fid_score: 0.9016316533088684
  gcnt_score: 0.765
>> new best_socre: 2.568263306617737
[upgrade_circ] gate count: 253
  fid_score: 0.9199379086494446
  gcnt_score: 0.747
>> new best_socre: 2.586875817298889
[upgrade_circ] gate count: 271
  fid_score: 0.9289595484733582
  gcnt_score: 0.729
  fid_score: 0.9199379086494446
  gcnt_score: 0.747
[9] >> Score: 2.586875817298889 (time: 631.7975931167603)

------------------------------------------
mean(score): 2.607555289840698
[Finish Time] 2024-07-28 15:42:39.997200
